<?xml version="1.0" encoding="UTF-8"?>
<!-- Generated by org.testng.reporters.JUnitReportReporter -->
<testsuite hostname="DESKTOP-JV1RIKR" failures="0" tests="1" name="newwww3.work" time="13.535" errors="1" timestamp="2021-01-04T18:04:56 IST" skipped="0">
  <testcase classname="newwww3.work" name="Testtt" time="13.535">
    <error message="session not created
from chrome not reachable
  (Session info: chrome=87.0.4280.88)
Build info: version: &#039;3.141.59&#039;, revision: &#039;e82be7d358&#039;, time: &#039;2018-11-14T08:17:03&#039;
System info: host: &#039;DESKTOP-JV1RIKR&#039;, ip: &#039;192.168.43.36&#039;, os.name: &#039;Windows 10&#039;, os.arch: &#039;amd64&#039;, os.version: &#039;10.0&#039;, java.version: &#039;11.0.8&#039;
Driver info: driver.version: ChromeDriver
remote stacktrace: Backtrace:
	Ordinal0 [0x00ADECE3+3337443]
	Ordinal0 [0x009BF041+2158657]
	Ordinal0 [0x00846E50+618064]
	Ordinal0 [0x0083D114+577812]
	Ordinal0 [0x0083D7DB+579547]
	Ordinal0 [0x0083EA45+584261]
	Ordinal0 [0x00839A71+563825]
	Ordinal0 [0x00847FD0+622544]
	Ordinal0 [0x007E6B2D+224045]
	Ordinal0 [0x007E5BFC+220156]
	Ordinal0 [0x007E181B+202779]
	Ordinal0 [0x007C3D74+81268]
	Ordinal0 [0x007C4D6E+85358]
	Ordinal0 [0x007C4CF9+85241]
	Ordinal0 [0x009D6F2C+2256684]
	GetHandleVerifier [0x00C62FAC+1478332]
	GetHandleVerifier [0x00C62AFD+1477133]
	GetHandleVerifier [0x00C6AAD8+1509864]
	GetHandleVerifier [0x00C6369E+1480110]
	Ordinal0 [0x009CD6BD+2217661]
	Ordinal0 [0x009D89AB+2263467]
	Ordinal0 [0x009D8AEF+2263791]
	Ordinal0 [0x009ED363+2347875]
	BaseThreadInitThunk [0x75DF6359+25]
	RtlGetAppContainerNamedObjectPath [0x77948944+228]
	RtlGetAppContainerNamedObjectPath [0x77948914+180]
" type="org.openqa.selenium.SessionNotCreatedException">
      <![CDATA[org.openqa.selenium.SessionNotCreatedException: session not created
from chrome not reachable
  (Session info: chrome=87.0.4280.88)
Build info: version: '3.141.59', revision: 'e82be7d358', time: '2018-11-14T08:17:03'
System info: host: 'DESKTOP-JV1RIKR', ip: '192.168.43.36', os.name: 'Windows 10', os.arch: 'amd64', os.version: '10.0', java.version: '11.0.8'
Driver info: driver.version: ChromeDriver
remote stacktrace: Backtrace:
Ordinal0 [0x00ADECE3+3337443]
Ordinal0 [0x009BF041+2158657]
Ordinal0 [0x00846E50+618064]
Ordinal0 [0x0083D114+577812]
Ordinal0 [0x0083D7DB+579547]
Ordinal0 [0x0083EA45+584261]
Ordinal0 [0x00839A71+563825]
Ordinal0 [0x00847FD0+622544]
Ordinal0 [0x007E6B2D+224045]
Ordinal0 [0x007E5BFC+220156]
Ordinal0 [0x007E181B+202779]
Ordinal0 [0x007C3D74+81268]
Ordinal0 [0x007C4D6E+85358]
Ordinal0 [0x007C4CF9+85241]
Ordinal0 [0x009D6F2C+2256684]
GetHandleVerifier [0x00C62FAC+1478332]
GetHandleVerifier [0x00C62AFD+1477133]
GetHandleVerifier [0x00C6AAD8+1509864]
GetHandleVerifier [0x00C6369E+1480110]
Ordinal0 [0x009CD6BD+2217661]
Ordinal0 [0x009D89AB+2263467]
Ordinal0 [0x009D8AEF+2263791]
Ordinal0 [0x009ED363+2347875]
BaseThreadInitThunk [0x75DF6359+25]
RtlGetAppContainerNamedObjectPath [0x77948944+228]
RtlGetAppContainerNamedObjectPath [0x77948914+180]

at java.base/jdk.internal.reflect.NativeConstructorAccessorImpl.newInstance0(Native Method)
at java.base/jdk.internal.reflect.NativeConstructorAccessorImpl.newInstance(NativeConstructorAccessorImpl.java:62)
at java.base/jdk.internal.reflect.DelegatingConstructorAccessorImpl.newInstance(DelegatingConstructorAccessorImpl.java:45)
at java.base/java.lang.reflect.Constructor.newInstance(Constructor.java:490)
at org.openqa.selenium.remote.W3CHandshakeResponse.lambda$errorHandler$0(W3CHandshakeResponse.java:62)
at org.openqa.selenium.remote.HandshakeResponse.lambda$getResponseFunction$0(HandshakeResponse.java:30)
at org.openqa.selenium.remote.ProtocolHandshake.lambda$createSession$0(ProtocolHandshake.java:126)
at java.base/java.util.stream.ReferencePipeline$3$1.accept(ReferencePipeline.java:195)
at java.base/java.util.Spliterators$ArraySpliterator.tryAdvance(Spliterators.java:958)
at java.base/java.util.stream.ReferencePipeline.forEachWithCancel(ReferencePipeline.java:127)
at java.base/java.util.stream.AbstractPipeline.copyIntoWithCancel(AbstractPipeline.java:502)
at java.base/java.util.stream.AbstractPipeline.copyInto(AbstractPipeline.java:488)
at java.base/java.util.stream.AbstractPipeline.wrapAndCopyInto(AbstractPipeline.java:474)
at java.base/java.util.stream.FindOps$FindOp.evaluateSequential(FindOps.java:150)
at java.base/java.util.stream.AbstractPipeline.evaluate(AbstractPipeline.java:234)
at java.base/java.util.stream.ReferencePipeline.findFirst(ReferencePipeline.java:543)
at org.openqa.selenium.remote.ProtocolHandshake.createSession(ProtocolHandshake.java:128)
at org.openqa.selenium.remote.ProtocolHandshake.createSession(ProtocolHandshake.java:74)
at org.openqa.selenium.remote.HttpCommandExecutor.execute(HttpCommandExecutor.java:136)
at org.openqa.selenium.remote.service.DriverCommandExecutor.execute(DriverCommandExecutor.java:83)
at org.openqa.selenium.remote.RemoteWebDriver.execute(RemoteWebDriver.java:552)
at org.openqa.selenium.remote.RemoteWebDriver.startSession(RemoteWebDriver.java:213)
at org.openqa.selenium.remote.RemoteWebDriver.<init>(RemoteWebDriver.java:131)
at org.openqa.selenium.chrome.ChromeDriver.<init>(ChromeDriver.java:181)
at org.openqa.selenium.chrome.ChromeDriver.<init>(ChromeDriver.java:168)
at org.openqa.selenium.chrome.ChromeDriver.<init>(ChromeDriver.java:123)
at newwww3.base.browser(base.java:26)
at newwww3.work.Testtt(work.java:32)
at java.base/jdk.internal.reflect.NativeMethodAccessorImpl.invoke0(Native Method)
at java.base/jdk.internal.reflect.NativeMethodAccessorImpl.invoke(NativeMethodAccessorImpl.java:62)
at java.base/jdk.internal.reflect.DelegatingMethodAccessorImpl.invoke(DelegatingMethodAccessorImpl.java:43)
at java.base/java.lang.reflect.Method.invoke(Method.java:566)
at org.testng.internal.MethodInvocationHelper.invokeMethod(MethodInvocationHelper.java:133)
at org.testng.internal.TestInvoker.invokeMethod(TestInvoker.java:584)
at org.testng.internal.TestInvoker.invokeTestMethod(TestInvoker.java:172)
at org.testng.internal.MethodRunner.runInSequence(MethodRunner.java:46)
at org.testng.internal.TestInvoker$MethodInvocationAgent.invoke(TestInvoker.java:804)
at org.testng.internal.TestInvoker.invokeTestMethods(TestInvoker.java:145)
at org.testng.internal.TestMethodWorker.invokeTestMethods(TestMethodWorker.java:146)
at org.testng.internal.TestMethodWorker.run(TestMethodWorker.java:128)
at java.base/java.util.ArrayList.forEach(ArrayList.java:1541)
at org.testng.TestRunner.privateRun(TestRunner.java:770)
at org.testng.TestRunner.run(TestRunner.java:591)
at org.testng.SuiteRunner.runTest(SuiteRunner.java:402)
at org.testng.SuiteRunner.runSequentially(SuiteRunner.java:396)
at org.testng.SuiteRunner.privateRun(SuiteRunner.java:355)
at org.testng.SuiteRunner.run(SuiteRunner.java:304)
at org.testng.SuiteRunnerWorker.runSuite(SuiteRunnerWorker.java:53)
at org.testng.SuiteRunnerWorker.run(SuiteRunnerWorker.java:96)
at org.testng.TestNG.runSuitesSequentially(TestNG.java:1180)
at org.testng.TestNG.runSuitesLocally(TestNG.java:1102)
at org.testng.TestNG.runSuites(TestNG.java:1032)
at org.testng.TestNG.run(TestNG.java:1000)
at org.testng.remote.AbstractRemoteTestNG.run(AbstractRemoteTestNG.java:115)
at org.testng.remote.RemoteTestNG.initAndRun(RemoteTestNG.java:251)
at org.testng.remote.RemoteTestNG.main(RemoteTestNG.java:77)
]]>
    </error>
  </testcase> <!-- Testtt -->
</testsuite> <!-- newwww3.work -->
